[2012-10-12 12:46:43][Msg] server start succ!
[2012-10-12 12:46:43][Msg] the server is running
[2012-10-12 12:46:56][Msg] The number of 0 client has connected to the svr
[2012-10-12 12:46:57][Msg] receive pkg type is:10
[2012-10-12 12:46:57][Msg] begin build reply pkg
[2012-10-12 12:46:57][Msg] buildIsUpdatePkg begin
[2012-10-12 12:46:57][Msg] reply and the pkg len is:28
[2012-10-12 12:47:24][Msg] receive pkg type is:14
[2012-10-12 12:47:24][Msg] begin build reply pkg
[2012-10-12 12:47:24][Msg] reply and the pkg len is:87
[2012-10-12 12:48:2][Msg] fd:10 connection has been closed
[2012-10-12 18:4:23][Msg] server start succ!
[2012-10-12 18:4:23][Msg] the server is running
[2012-10-12 18:4:55][Msg] The number of 0 client has connected to the svr
[2012-10-12 18:4:55][Msg] receive pkg type is:10
[2012-10-12 18:4:55][Msg] begin build reply pkg
[2012-10-12 18:4:55][Msg] buildIsUpdatePkg begin
[2012-10-12 18:4:55][Msg] reply and the pkg len is:28
[2012-10-12 18:5:6][Msg] receive pkg type is:14
[2012-10-12 18:5:6][Msg] begin build reply pkg
[2012-10-12 18:5:6][Msg] reply and the pkg len is:91
[2012-10-12 18:6:4][Error] BEV_EVENT_ERROR,error num:33
[2012-10-12 18:6:38][Msg] The number of 0 client has connected to the svr
[2012-10-12 18:6:38][Msg] receive pkg type is:10
[2012-10-12 18:6:38][Msg] begin build reply pkg
[2012-10-12 18:6:38][Msg] buildIsUpdatePkg begin
[2012-10-12 18:6:38][Msg] reply and the pkg len is:28
[2012-10-12 18:6:42][Msg] receive pkg type is:14
[2012-10-12 18:6:42][Msg] begin build reply pkg
[2012-10-12 18:6:42][Msg] reply and the pkg len is:91
[2012-10-12 18:9:36][Msg] fd:10 connection has been closed
[2012-10-12 18:13:0][Msg] server start succ!
[2012-10-12 18:13:0][Msg] the server is running
[2012-10-12 18:13:0][Error] bind port error
[2012-10-12 18:13:10][Msg] server start succ!
[2012-10-12 18:13:10][Msg] the server is running
[2012-10-12 18:13:17][Msg] The number of 0 client has connected to the svr
[2012-10-12 18:13:17][Msg] receive pkg type is:10
[2012-10-12 18:13:17][Msg] begin build reply pkg
[2012-10-12 18:13:17][Msg] buildIsUpdatePkg begin
[2012-10-12 18:13:17][Msg] reply and the pkg len is:28
[2012-10-12 18:13:31][Msg] receive pkg type is:14
[2012-10-12 18:13:31][Msg] begin build reply pkg
[2012-10-12 18:13:31][Msg] reply and the pkg len is:91
[2012-10-12 18:19:14][Msg] server start succ!
[2012-10-12 18:19:14][Msg] the server is running
[2012-10-12 18:19:19][Msg] The number of 0 client has connected to the svr
[2012-10-12 18:19:19][Msg] receive pkg type is:10
[2012-10-12 18:19:19][Msg] begin build reply pkg
[2012-10-12 18:19:19][Msg] buildIsUpdatePkg begin
[2012-10-12 18:19:19][Msg] reply and the pkg len is:28
[2012-10-12 18:19:22][Msg] receive pkg type is:14
[2012-10-12 18:19:22][Msg] begin build reply pkg
[2012-10-12 18:19:22][Msg] reply and the pkg len is:91
[2012-10-12 18:21:15][Msg] server start succ!
[2012-10-12 18:21:15][Msg] the server is running
[2012-10-12 18:21:22][Msg] The number of 0 client has connected to the svr
[2012-10-12 18:21:23][Msg] receive pkg type is:10
[2012-10-12 18:21:23][Msg] begin build reply pkg
[2012-10-12 18:21:23][Msg] buildIsUpdatePkg begin
[2012-10-12 18:21:23][Msg] reply and the pkg len is:28
[2012-10-12 18:21:33][Msg] receive pkg type is:14
[2012-10-12 18:21:33][Msg] begin build reply pkg
[2012-10-12 18:25:18][Msg] server start succ!
[2012-10-12 18:25:18][Msg] the server is running
[2012-10-12 18:28:59][Msg] The number of 0 client has connected to the svr
[2012-10-12 18:28:59][Msg] receive pkg type is:10
[2012-10-12 18:28:59][Msg] begin build reply pkg
[2012-10-12 18:28:59][Msg] buildIsUpdatePkg begin
[2012-10-12 18:28:59][Msg] reply and the pkg len is:28
[2012-10-12 18:29:2][Msg] receive pkg type is:14
[2012-10-12 18:29:2][Msg] begin build reply pkg
[2012-10-12 18:29:2][Msg] reply and the pkg len is:91
[2012-10-12 18:35:15][Msg] server start succ!
[2012-10-12 18:35:15][Msg] the server is running
[2012-10-12 18:35:20][Msg] The number of 0 client has connected to the svr
[2012-10-12 18:35:20][Msg] receive pkg type is:10
[2012-10-12 18:35:20][Msg] begin build reply pkg
[2012-10-12 18:35:20][Msg] buildIsUpdatePkg begin
[2012-10-12 18:35:20][Msg] reply and the pkg len is:28
[2012-10-12 18:35:23][Msg] receive pkg type is:14
[2012-10-12 18:35:23][Msg] begin build reply pkg
[2012-10-12 18:40:22][Msg] server start succ!
[2012-10-12 18:40:22][Msg] the server is running
[2012-10-12 18:40:28][Msg] The number of 0 client has connected to the svr
[2012-10-12 18:40:28][Msg] receive pkg type is:10
[2012-10-12 18:40:28][Msg] begin build reply pkg
[2012-10-12 18:40:28][Msg] buildIsUpdatePkg begin
[2012-10-12 18:40:28][Msg] reply and the pkg len is:28
[2012-10-12 18:40:31][Msg] receive pkg type is:14
[2012-10-12 18:40:31][Msg] begin build reply pkg
[2012-10-12 18:58:34][Msg] server start succ!
[2012-10-12 18:58:34][Msg] the server is running
[2012-10-12 18:58:44][Msg] The number of 0 client has connected to the svr
[2012-10-12 18:58:45][Msg] receive pkg type is:10
[2012-10-12 18:58:45][Msg] begin build reply pkg
[2012-10-12 18:58:45][Msg] buildIsUpdatePkg begin
[2012-10-12 18:58:45][Msg] reply and the pkg len is:28
[2012-10-12 18:58:47][Msg] receive pkg type is:14
[2012-10-12 18:58:47][Msg] begin build reply pkg
[2012-10-12 18:58:47][Msg] reply and the pkg len is:91
[2012-10-12 19:2:43][Msg] server start succ!
[2012-10-12 19:2:43][Msg] the server is running
[2012-10-12 19:2:50][Msg] The number of 0 client has connected to the svr
[2012-10-12 19:2:50][Msg] receive pkg type is:10
[2012-10-12 19:2:50][Msg] begin build reply pkg
[2012-10-12 19:2:50][Msg] buildIsUpdatePkg begin
[2012-10-12 19:2:50][Msg] reply and the pkg len is:28
[2012-10-12 19:3:19][Msg] receive pkg type is:14
[2012-10-12 19:3:19][Msg] begin build reply pkg
[2012-10-12 19:5:55][Msg] server start succ!
[2012-10-12 19:5:55][Msg] the server is running
[2012-10-12 19:5:59][Msg] The number of 0 client has connected to the svr
[2012-10-12 19:5:59][Msg] receive pkg type is:10
[2012-10-12 19:5:59][Msg] begin build reply pkg
[2012-10-12 19:5:59][Msg] buildIsUpdatePkg begin
[2012-10-12 19:5:59][Msg] reply and the pkg len is:28
[2012-10-12 19:6:1][Msg] receive pkg type is:14
[2012-10-12 19:6:1][Msg] begin build reply pkg
[2012-10-12 19:28:23][Msg] server start succ!
[2012-10-12 19:28:23][Msg] the server is running
[2012-10-12 19:28:33][Msg] The number of 0 client has connected to the svr
[2012-10-12 19:28:33][Msg] receive pkg type is:10
[2012-10-12 19:28:33][Msg] begin build reply pkg
[2012-10-12 19:28:33][Msg] buildIsUpdatePkg begin
[2012-10-12 19:28:33][Msg] reply and the pkg len is:28
[2012-10-12 19:28:38][Msg] receive pkg type is:14
[2012-10-12 19:28:38][Msg] begin build reply pkg
[2012-10-12 19:28:38][Msg] reply and the pkg len is:91
[2012-10-12 19:31:43][Msg] fd:10 connection has been closed
[2012-10-12 21:23:18][Msg] server start succ!
[2012-10-12 21:23:18][Msg] the server is running
[2012-10-12 21:23:23][Msg] The number of 0 client has connected to the svr
[2012-10-12 21:23:24][Msg] receive pkg type is:10
[2012-10-12 21:23:24][Msg] begin build reply pkg
[2012-10-12 21:23:24][Msg] buildIsUpdatePkg begin
[2012-10-12 21:23:24][Msg] reply and the pkg len is:28
[2012-10-12 21:23:26][Msg] receive pkg type is:14
[2012-10-12 21:23:26][Msg] begin build reply pkg
[2012-10-12 21:26:48][Msg] server start succ!
[2012-10-12 21:26:48][Msg] the server is running
[2012-10-12 21:26:52][Msg] The number of 0 client has connected to the svr
[2012-10-12 21:26:52][Msg] receive pkg type is:10
[2012-10-12 21:26:52][Msg] begin build reply pkg
[2012-10-12 21:26:52][Msg] buildIsUpdatePkg begin
[2012-10-12 21:26:52][Msg] reply and the pkg len is:28
[2012-10-12 21:26:55][Msg] receive pkg type is:14
[2012-10-12 21:26:55][Msg] begin build reply pkg
[2012-10-12 21:36:7][Msg] server start succ!
[2012-10-12 21:36:7][Msg] the server is running
[2012-10-12 21:36:12][Msg] The number of 0 client has connected to the svr
[2012-10-12 21:36:12][Msg] receive pkg type is:10
[2012-10-12 21:36:12][Msg] begin build reply pkg
[2012-10-12 21:36:12][Msg] buildIsUpdatePkg begin
[2012-10-12 21:36:12][Msg] reply and the pkg len is:28
[2012-10-12 21:36:15][Msg] receive pkg type is:14
[2012-10-12 21:36:15][Msg] begin build reply pkg
[2012-10-12 21:40:2][Msg] server start succ!
[2012-10-12 21:40:2][Msg] the server is running
[2012-10-12 21:40:30][Msg] server start succ!
[2012-10-12 21:40:30][Msg] the server is running
[2012-10-12 21:40:36][Msg] The number of 0 client has connected to the svr
[2012-10-12 21:40:37][Msg] receive pkg type is:10
[2012-10-12 21:40:37][Msg] begin build reply pkg
[2012-10-12 21:40:37][Msg] buildIsUpdatePkg begin
[2012-10-12 21:40:37][Msg] reply and the pkg len is:28
[2012-10-12 21:40:38][Msg] receive pkg type is:14
[2012-10-12 21:40:38][Msg] begin build reply pkg
[2012-10-12 21:48:21][Msg] server start succ!
[2012-10-12 21:48:21][Msg] the server is running
[2012-10-12 21:48:27][Msg] The number of 0 client has connected to the svr
[2012-10-12 21:48:27][Msg] receive pkg type is:10
[2012-10-12 21:48:27][Msg] begin build reply pkg
[2012-10-12 21:48:27][Msg] buildIsUpdatePkg begin
[2012-10-12 21:48:27][Msg] reply and the pkg len is:28
[2012-10-12 21:48:29][Msg] receive pkg type is:14
[2012-10-12 21:48:29][Msg] begin build reply pkg
[2012-10-12 21:48:29][Msg] reply and the pkg len is:91
[2012-10-12 21:53:24][Msg] server start succ!
[2012-10-12 21:53:24][Msg] the server is running
[2012-10-12 21:53:29][Msg] The number of 0 client has connected to the svr
[2012-10-12 21:53:29][Msg] receive pkg type is:10
[2012-10-12 21:53:29][Msg] begin build reply pkg
[2012-10-12 21:53:29][Msg] buildIsUpdatePkg begin
[2012-10-12 21:53:29][Msg] reply and the pkg len is:28
[2012-10-12 21:53:31][Msg] receive pkg type is:14
[2012-10-12 21:53:31][Msg] begin build reply pkg
[2012-10-12 21:53:31][Msg] reply and the pkg len is:91
[2012-10-12 21:53:48][Msg] fd:10 connection has been closed
[2012-10-12 21:54:18][Msg] server start succ!
[2012-10-12 21:54:18][Msg] the server is running
[2012-10-12 21:54:24][Msg] The number of 0 client has connected to the svr
[2012-10-12 21:54:24][Msg] receive pkg type is:10
[2012-10-12 21:54:24][Msg] begin build reply pkg
[2012-10-12 21:54:24][Msg] buildIsUpdatePkg begin
[2012-10-12 21:54:24][Msg] reply and the pkg len is:28
[2012-10-12 21:54:27][Msg] receive pkg type is:14
[2012-10-12 21:54:27][Msg] begin build reply pkg
[2012-10-12 22:0:21][Msg] server start succ!
[2012-10-12 22:0:21][Msg] the server is running
[2012-10-12 22:0:27][Msg] The number of 0 client has connected to the svr
[2012-10-12 22:0:27][Msg] receive pkg type is:10
[2012-10-12 22:0:27][Msg] begin build reply pkg
[2012-10-12 22:0:27][Msg] buildIsUpdatePkg begin
[2012-10-12 22:0:27][Msg] reply and the pkg len is:28
[2012-10-12 22:0:29][Msg] receive pkg type is:14
[2012-10-12 22:0:29][Msg] begin build reply pkg
[2012-10-12 22:1:20][Msg] server start succ!
[2012-10-12 22:1:20][Msg] the server is running
[2012-10-12 22:1:44][Msg] server start succ!
[2012-10-12 22:1:44][Msg] the server is running
[2012-10-12 22:1:49][Msg] The number of 0 client has connected to the svr
[2012-10-12 22:1:50][Msg] receive pkg type is:10
[2012-10-12 22:1:50][Msg] begin build reply pkg
[2012-10-12 22:1:50][Msg] buildIsUpdatePkg begin
[2012-10-12 22:1:50][Msg] reply and the pkg len is:28
[2012-10-12 22:1:52][Msg] receive pkg type is:14
[2012-10-12 22:1:52][Msg] begin build reply pkg
[2012-10-12 22:1:52][Msg] reply and the pkg len is:91
[2012-10-12 22:10:46][Msg] fd:10 connection has been closed
[2012-10-12 22:11:6][Msg] server start succ!
[2012-10-12 22:11:6][Msg] the server is running
[2012-10-12 22:11:11][Msg] The number of 0 client has connected to the svr
[2012-10-12 22:11:11][Msg] receive pkg type is:10
[2012-10-12 22:11:11][Msg] begin build reply pkg
[2012-10-12 22:11:11][Msg] buildIsUpdatePkg begin
[2012-10-12 22:11:11][Msg] reply and the pkg len is:28
[2012-10-12 22:11:13][Msg] receive pkg type is:14
[2012-10-12 22:11:13][Msg] begin build reply pkg
