[2012-10-13 11:20:59][Msg] server start succ!
[2012-10-13 11:20:59][Msg] the server is running
[2012-10-13 11:21:4][Msg] The number of 0 client has connected to the svr
[2012-10-13 11:21:4][Msg] receive pkg type is:10
[2012-10-13 11:21:4][Msg] begin build reply pkg
[2012-10-13 11:21:4][Msg] buildIsUpdatePkg begin
[2012-10-13 11:21:4][Msg] reply and the pkg len is:28
[2012-10-13 11:21:6][Msg] receive pkg type is:14
[2012-10-13 11:21:6][Msg] begin build reply pkg
[2012-10-13 11:33:23][Msg] server start succ!
[2012-10-13 11:33:23][Msg] the server is running
[2012-10-13 11:33:28][Msg] The number of 0 client has connected to the svr
[2012-10-13 11:33:28][Msg] receive pkg type is:10
[2012-10-13 11:33:28][Msg] begin build reply pkg
[2012-10-13 11:33:28][Msg] buildIsUpdatePkg begin
[2012-10-13 11:33:28][Msg] reply and the pkg len is:28
[2012-10-13 11:33:37][Msg] receive pkg type is:14
[2012-10-13 11:33:37][Msg] begin build reply pkg
[2012-10-13 11:42:57][Msg] reply and the pkg len is:91
[2012-10-13 11:47:34][Msg] fd:14 connection has been closed
[2012-10-13 11:48:44][Msg] server start succ!
[2012-10-13 11:48:44][Msg] the server is running
[2012-10-13 11:48:49][Msg] The number of 0 client has connected to the svr
[2012-10-13 11:48:49][Msg] receive pkg type is:10
[2012-10-13 11:48:49][Msg] begin build reply pkg
[2012-10-13 11:48:49][Msg] buildIsUpdatePkg begin
[2012-10-13 11:49:9][Msg] reply and the pkg len is:28
[2012-10-13 11:49:24][Msg] receive pkg type is:14
[2012-10-13 11:49:24][Msg] begin build reply pkg
[2012-10-13 11:52:21][Msg] reply and the pkg len is:91
[2012-10-13 12:4:15][Msg] server start succ!
[2012-10-13 12:4:15][Msg] the server is running
[2012-10-13 12:4:19][Msg] The number of 0 client has connected to the svr
[2012-10-13 12:4:19][Msg] receive pkg type is:10
[2012-10-13 12:4:19][Msg] begin build reply pkg
[2012-10-13 12:4:19][Msg] buildIsUpdatePkg begin
[2012-10-13 12:5:31][Msg] reply and the pkg len is:28
[2012-10-13 12:5:35][Msg] receive pkg type is:14
[2012-10-13 12:5:35][Msg] begin build reply pkg
[2012-10-13 12:7:24][Msg] reply and the pkg len is:91
[2012-10-13 12:8:32][Error] BEV_EVENT_ERROR,error num:33
[2012-10-13 12:9:16][Msg] server start succ!
[2012-10-13 12:9:16][Msg] the server is running
[2012-10-13 12:9:56][Msg] The number of 0 client has connected to the svr
[2012-10-13 12:9:56][Msg] receive pkg type is:10
[2012-10-13 12:9:56][Msg] begin build reply pkg
[2012-10-13 12:9:56][Msg] buildIsUpdatePkg begin
[2012-10-13 12:9:56][Msg] reply and the pkg len is:28
[2012-10-13 12:9:59][Msg] receive pkg type is:14
[2012-10-13 12:9:59][Msg] begin build reply pkg
[2012-10-13 12:9:59][Msg] reply and the pkg len is:91
[2012-10-13 12:11:27][Msg] fd:10 connection has been closed
[2012-10-13 12:19:34][Msg] server start succ!
[2012-10-13 12:19:34][Msg] the server is running
[2012-10-13 12:19:39][Msg] The number of 0 client has connected to the svr
[2012-10-13 12:19:39][Msg] receive pkg type is:10
[2012-10-13 12:19:39][Msg] begin build reply pkg
[2012-10-13 12:19:39][Msg] buildIsUpdatePkg begin
[2012-10-13 12:19:39][Msg] reply and the pkg len is:28
[2012-10-13 12:19:42][Msg] receive pkg type is:14
[2012-10-13 12:19:42][Msg] begin build reply pkg
[2012-10-13 12:24:3][Msg] server start succ!
[2012-10-13 12:24:3][Msg] the server is running
[2012-10-13 12:24:8][Msg] The number of 0 client has connected to the svr
[2012-10-13 12:24:8][Msg] receive pkg type is:10
[2012-10-13 12:24:8][Msg] begin build reply pkg
[2012-10-13 12:24:8][Msg] buildIsUpdatePkg begin
[2012-10-13 12:24:8][Msg] reply and the pkg len is:28
[2012-10-13 12:24:16][Msg] receive pkg type is:14
[2012-10-13 12:24:16][Msg] begin build reply pkg
[2012-10-13 12:24:16][Msg] reply and the pkg len is:91
[2012-10-13 12:26:41][Msg] server start succ!
[2012-10-13 12:26:41][Msg] the server is running
[2012-10-13 12:26:45][Msg] The number of 0 client has connected to the svr
[2012-10-13 12:26:45][Msg] receive pkg type is:12
[2012-10-13 12:26:45][Msg] begin build reply pkg
[2012-10-13 12:26:45][Msg] buildSendPluginPkg begin
[2012-10-13 12:26:45][Msg] the vfs pkg size is:101026
[2012-10-13 12:26:45][Msg] the current md5 value is:901cbce1352a1b7c5df05e3d71d9ae22
[2012-10-13 12:33:6][Msg] server start succ!
[2012-10-13 12:33:6][Msg] the server is running
[2012-10-13 12:33:13][Msg] The number of 0 client has connected to the svr
[2012-10-13 12:33:13][Msg] receive pkg type is:12
[2012-10-13 12:33:13][Msg] begin build reply pkg
[2012-10-13 12:33:13][Msg] buildSendPluginPkg begin
[2012-10-13 12:33:13][Msg] the vfs pkg size is:101026
[2012-10-13 12:33:13][Msg] the current md5 value is:901cbce1352a1b7c5df05e3d71d9ae22
[2012-10-13 12:33:13][Msg] reply and the pkg len is:101070
[2012-10-13 12:33:34][Msg] receive pkg type is:14
[2012-10-13 12:33:34][Msg] begin build reply pkg
[2012-10-13 12:35:28][Msg] reply and the pkg len is:91
[2012-10-13 13:36:18][Msg] server start succ!
[2012-10-13 13:36:18][Msg] the server is running
[2012-10-13 13:36:23][Msg] The number of 0 client has connected to the svr
[2012-10-13 13:36:23][Msg] receive pkg type is:10
[2012-10-13 13:36:23][Msg] begin build reply pkg
[2012-10-13 13:36:23][Msg] buildIsUpdatePkg begin
[2012-10-13 13:36:44][Msg] reply and the pkg len is:28
[2012-10-13 13:36:49][Msg] receive pkg type is:14
[2012-10-13 13:36:49][Msg] begin build reply pkg
[2012-10-13 16:55:48][Msg] server start succ!
[2012-10-13 16:55:48][Msg] the server is running
[2012-10-13 16:55:56][Msg] The number of 0 client has connected to the svr
[2012-10-13 16:55:57][Msg] receive pkg type is:10
[2012-10-13 16:55:57][Msg] begin build reply pkg
[2012-10-13 16:55:57][Msg] buildIsUpdatePkg begin
[2012-10-13 16:59:8][Msg] reply and the pkg len is:28
[2012-10-13 16:59:25][Msg] receive pkg type is:14
[2012-10-13 16:59:25][Msg] begin build reply pkg
[2012-10-13 17:2:29][Msg] reply and the pkg len is:91
[2012-10-13 17:9:7][Msg] fd:14 connection has been closed
[2012-10-13 17:9:11][Msg] The number of 0 client has connected to the svr
[2012-10-13 17:9:11][Msg] receive pkg type is:10
[2012-10-13 17:9:11][Msg] begin build reply pkg
[2012-10-13 17:9:11][Msg] buildIsUpdatePkg begin
[2012-10-13 17:9:37][Msg] reply and the pkg len is:28
[2012-10-13 17:17:43][Msg] receive pkg type is:14
[2012-10-13 17:17:43][Msg] begin build reply pkg
[2012-10-13 17:26:9][Msg] reply and the pkg len is:91
[2012-10-13 17:26:9][Msg] fd:14 connection has been closed
[2012-10-13 17:26:50][Msg] The number of 0 client has connected to the svr
[2012-10-13 17:26:50][Msg] receive pkg type is:10
[2012-10-13 17:26:50][Msg] begin build reply pkg
[2012-10-13 17:26:50][Msg] buildIsUpdatePkg begin
[2012-10-13 17:27:15][Msg] reply and the pkg len is:28
[2012-10-13 17:27:35][Msg] receive pkg type is:14
[2012-10-13 17:27:35][Msg] begin build reply pkg
[2012-10-13 17:27:57][Msg] reply and the pkg len is:91
[2012-10-13 17:30:21][Msg] fd:14 connection has been closed
[2012-10-13 17:30:45][Msg] The number of 0 client has connected to the svr
[2012-10-13 17:30:45][Msg] receive pkg type is:10
[2012-10-13 17:30:45][Msg] begin build reply pkg
[2012-10-13 17:30:45][Msg] buildIsUpdatePkg begin
[2012-10-13 17:30:54][Msg] reply and the pkg len is:28
[2012-10-13 17:32:57][Msg] fd:14 connection has been closed
[2012-10-13 17:35:11][Msg] The number of 0 client has connected to the svr
[2012-10-13 17:35:11][Msg] receive pkg type is:14
[2012-10-13 17:35:11][Msg] begin build reply pkg
[2012-10-13 17:36:8][Msg] reply and the pkg len is:91
[2012-10-13 17:36:43][Error] BEV_EVENT_ERROR,error num:33
[2012-10-13 17:36:49][Msg] The number of 0 client has connected to the svr
[2012-10-13 17:36:49][Msg] receive pkg type is:14
[2012-10-13 17:36:49][Msg] begin build reply pkg
[2012-10-13 17:37:5][Msg] reply and the pkg len is:91
[2012-10-13 17:37:46][Msg] fd:14 connection has been closed
[2012-10-13 17:38:5][Msg] The number of 0 client has connected to the svr
[2012-10-13 17:38:5][Msg] receive pkg type is:14
[2012-10-13 17:38:5][Msg] begin build reply pkg
[2012-10-13 17:38:15][Msg] reply and the pkg len is:91
[2012-10-13 17:57:47][Msg] fd:14 connection has been closed
[2012-10-13 17:58:33][Msg] The number of 0 client has connected to the svr
[2012-10-13 17:58:33][Msg] receive pkg type is:14
[2012-10-13 17:58:33][Msg] begin build reply pkg
[2012-10-13 17:59:30][Msg] reply and the pkg len is:91
[2012-10-13 17:59:30][Msg] The number of 0 client has connected to the svr
[2012-10-13 17:59:30][Msg] fd:14 connection has been closed
[2012-10-13 17:59:30][Msg] receive pkg type is:14
[2012-10-13 17:59:30][Msg] begin build reply pkg
[2012-10-13 17:59:37][Msg] reply and the pkg len is:91
[2012-10-13 18:1:25][Msg] fd:15 connection has been closed
[2012-10-13 18:2:4][Msg] The number of 0 client has connected to the svr
[2012-10-13 18:2:5][Msg] receive pkg type is:14
[2012-10-13 18:2:5][Msg] begin build reply pkg
[2012-10-13 18:2:12][Msg] reply and the pkg len is:91
[2012-10-13 18:9:46][Msg] fd:14 connection has been closed
[2012-10-13 18:10:33][Msg] The number of 0 client has connected to the svr
[2012-10-13 18:10:33][Msg] receive pkg type is:14
[2012-10-13 18:10:33][Msg] begin build reply pkg
[2012-10-13 18:10:41][Msg] reply and the pkg len is:91
[2012-10-13 18:11:5][Msg] fd:14 connection has been closed
[2012-10-13 18:11:22][Msg] The number of 0 client has connected to the svr
[2012-10-13 18:11:22][Msg] receive pkg type is:14
[2012-10-13 18:11:22][Msg] begin build reply pkg
[2012-10-13 18:11:36][Msg] reply and the pkg len is:91
[2012-10-13 18:12:39][Msg] fd:14 connection has been closed
[2012-10-13 18:13:6][Msg] The number of 0 client has connected to the svr
[2012-10-13 18:13:6][Msg] receive pkg type is:10
[2012-10-13 18:13:6][Msg] begin build reply pkg
[2012-10-13 18:13:6][Msg] buildIsUpdatePkg begin
[2012-10-13 18:13:19][Msg] reply and the pkg len is:28
[2012-10-13 18:13:57][Msg] receive pkg type is:14
[2012-10-13 18:13:57][Msg] begin build reply pkg
[2012-10-13 18:14:5][Msg] reply and the pkg len is:91
[2012-10-13 18:38:46][Msg] fd:14 connection has been closed
[2012-10-13 18:41:41][Msg] server start succ!
[2012-10-13 18:41:41][Msg] the server is running
[2012-10-13 18:41:46][Msg] The number of 0 client has connected to the svr
[2012-10-13 18:41:47][Msg] receive pkg type is:10
[2012-10-13 18:41:47][Msg] begin build reply pkg
[2012-10-13 18:41:47][Msg] buildIsUpdatePkg begin
[2012-10-13 18:41:47][Msg] reply and the pkg len is:28
[2012-10-13 18:42:16][Msg] receive pkg type is:14
[2012-10-13 18:42:16][Msg] begin build reply pkg
[2012-10-13 18:42:16][Msg] reply and the pkg len is:124
[2012-10-13 18:43:0][Msg] fd:10 connection has been closed
[2012-10-13 18:43:19][Msg] The number of 0 client has connected to the svr
[2012-10-13 18:43:19][Msg] receive pkg type is:10
[2012-10-13 18:43:19][Msg] begin build reply pkg
[2012-10-13 18:43:19][Msg] buildIsUpdatePkg begin
[2012-10-13 18:43:19][Msg] reply and the pkg len is:28
[2012-10-13 18:43:25][Msg] receive pkg type is:14
[2012-10-13 18:43:25][Msg] begin build reply pkg
[2012-10-13 18:43:25][Msg] reply and the pkg len is:124
[2012-10-13 18:44:25][Msg] fd:10 connection has been closed
[2012-10-13 18:45:0][Msg] The number of 0 client has connected to the svr
[2012-10-13 18:45:0][Msg] receive pkg type is:14
[2012-10-13 18:45:0][Msg] begin build reply pkg
[2012-10-13 18:45:0][Msg] reply and the pkg len is:124
[2012-10-13 18:52:46][Msg] fd:10 connection has been closed
[2012-10-13 18:53:34][Msg] The number of 0 client has connected to the svr
[2012-10-13 18:53:34][Msg] receive pkg type is:14
[2012-10-13 18:53:34][Msg] begin build reply pkg
[2012-10-13 18:53:34][Msg] reply and the pkg len is:124
[2012-10-13 18:54:59][Msg] fd:10 connection has been closed
[2012-10-13 18:57:42][Msg] The number of 0 client has connected to the svr
[2012-10-13 18:57:42][Msg] receive pkg type is:14
[2012-10-13 18:57:42][Msg] begin build reply pkg
[2012-10-13 18:57:42][Msg] reply and the pkg len is:124
[2012-10-13 18:58:59][Msg] fd:10 connection has been closed
[2012-10-13 18:59:7][Msg] The number of 0 client has connected to the svr
[2012-10-13 18:59:7][Msg] receive pkg type is:14
[2012-10-13 18:59:7][Msg] begin build reply pkg
[2012-10-13 18:59:7][Msg] reply and the pkg len is:124
[2012-10-13 19:2:3][Msg] fd:10 connection has been closed
[2012-10-13 19:5:41][Msg] The number of 0 client has connected to the svr
[2012-10-13 19:5:41][Msg] receive pkg type is:14
[2012-10-13 19:5:41][Msg] begin build reply pkg
[2012-10-13 19:5:41][Msg] reply and the pkg len is:124
[2012-10-13 19:11:9][Msg] fd:10 connection has been closed
[2012-10-13 19:12:15][Msg] The number of 0 client has connected to the svr
[2012-10-13 19:12:15][Msg] receive pkg type is:14
[2012-10-13 19:12:15][Msg] begin build reply pkg
[2012-10-13 19:12:15][Msg] reply and the pkg len is:124
[2012-10-13 19:24:9][Msg] server start succ!
[2012-10-13 19:24:9][Msg] the server is running
[2012-10-13 19:24:9][Error] bind port error
[2012-10-13 19:24:17][Msg] server start succ!
[2012-10-13 19:24:17][Msg] the server is running
[2012-10-13 19:24:36][Msg] The number of 0 client has connected to the svr
[2012-10-13 19:24:36][Msg] receive pkg type is:14
[2012-10-13 19:24:36][Msg] begin build reply pkg
[2012-10-13 19:24:36][Msg] reply and the pkg len is:124
[2012-10-13 19:27:40][Msg] server start succ!
[2012-10-13 19:27:40][Msg] the server is running
[2012-10-13 19:27:51][Msg] The number of 0 client has connected to the svr
[2012-10-13 19:27:51][Msg] receive pkg type is:14
[2012-10-13 19:27:51][Msg] begin build reply pkg
[2012-10-13 19:38:10][Msg] reply and the pkg len is:124
[2012-10-13 19:41:10][Msg] fd:14 connection has been closed
[2012-10-13 19:41:47][Msg] The number of 0 client has connected to the svr
[2012-10-13 19:41:47][Msg] receive pkg type is:14
[2012-10-13 19:41:47][Msg] begin build reply pkg
[2012-10-13 19:41:53][Msg] reply and the pkg len is:124
